          ok  Starting native_osx for sync web-unison-sync
          ok  web-unison-sync container still running, restarting unison in container
     command  docker exec web-unison-sync supervisorctl restart unison
unison: stopped
unison: started
          ok  starting initial sync of web-unison-sync
     success  Sync container started
     success  Showing unison logs from your sync container: web-unison-sync
[2019-07-29 22:31:13 +0900] Sync Log:  UNISON 2.51.2 (OCAML 4.06.1) started propagating changes at 17:27:28.74 on 29 Jul 2019
[2019-07-29 22:31:13 +0900] Sync Log:  [BGN] Copying .docker-sync/daemon.log from /host_sync to /app_sync
[2019-07-29 22:31:13 +0900] Sync Log:  [END] Copying .docker-sync/daemon.log
[2019-07-29 22:31:13 +0900] Sync Log:  UNISON 2.51.2 (OCAML 4.06.1) finished propagating changes at 17:27:28.74 on 29 Jul 2019
[2019-07-29 22:31:13 +0900] Sync Log:  Synchronization complete at 17:27:28  (1 item transferred, 0 skipped, 0 failed)
[2019-07-29 22:31:13 +0900] Sync Log:  UNISON 2.51.2 (OCAML 4.06.1) started propagating changes at 18:18:07.92 on 29 Jul 2019
[2019-07-29 22:31:13 +0900] Sync Log:  [BGN] Copying db/dumps from /host_sync to /app_sync
[2019-07-29 22:31:13 +0900] Sync Log:  [END] Copying db/dumps
[2019-07-29 22:31:13 +0900] Sync Log:  UNISON 2.51.2 (OCAML 4.06.1) finished propagating changes at 18:18:07.92 on 29 Jul 2019
[2019-07-29 22:31:13 +0900] Sync Log:  Synchronization complete at 18:18:07  (1 item transferred, 0 skipped, 0 failed)
[2019-07-29 22:31:21 +0900] Sync Log:  UNISON 2.51.2 (OCAML 4.06.1) started propagating changes at 22:31:20.95 on 29 Jul 2019
[2019-07-29 22:31:21 +0900] Sync Log:  [BGN] Updating file .docker-sync/daemon.log from /host_sync to /app_sync
[2019-07-29 22:31:21 +0900] Sync Log:  [END] Updating file .docker-sync/daemon.log
[2019-07-29 22:31:21 +0900] Sync Log:  [BGN] Deleting .docker-sync/daemon.pid from /app_sync
[2019-07-29 22:31:21 +0900] Sync Log:  [END] Deleting .docker-sync/daemon.pid
[2019-07-29 22:31:21 +0900] Sync Log:  UNISON 2.51.2 (OCAML 4.06.1) finished propagating changes at 22:31:20.96 on 29 Jul 2019
[2019-07-29 22:31:21 +0900] Sync Log:  Synchronization complete at 22:31:20  (2 items transferred, 0 skipped, 0 failed)
